15:20:59.096 [main] DEBUG api.test.UserTests - debugging.....
15:20:59.110 [main] INFO  api.test.UserTests - ********** Creating user  ***************
15:21:01.041 [main] INFO  api.test.UserTests - ********** Reading User Info ***************
15:21:01.281 [main] INFO  api.test.UserTests - ********** Updating User ***************
15:21:01.533 [main] INFO  api.test.UserTests - **********   Deleting User  ***************
15:25:24.521 [main] DEBUG api.test.UserTests - debugging.....
15:25:24.536 [main] INFO  api.test.UserTests - ********** Creating user  ***************
15:25:26.596 [main] INFO  api.test.UserTests - ********** Reading User Info ***************
15:25:26.834 [main] INFO  api.test.UserTests - ********** Updating User ***************
15:25:27.035 [main] INFO  api.test.UserTests - **********   Deleting User  ***************
15:26:00.768 [main] DEBUG api.test.StoreTests - debugging.....
15:26:00.783 [main] INFO  api.test.StoreTests - ********** Creating order  ***************
15:26:02.857 [main] INFO  api.test.StoreTests - ********** Reading Order Info ***************
15:26:02.895 [main] INFO  api.test.StoreTests - **********   Deleting Order  ***************
15:31:51.728 [main] DEBUG api.test.UserTests - debugging.....
15:31:51.741 [main] INFO  api.test.UserTests - ********** Creating user  ***************
15:31:53.603 [main] INFO  api.test.UserTests - **********User is creatged  ***************
15:31:53.618 [main] INFO  api.test.UserTests - ********** Reading User Info ***************
15:31:53.838 [main] INFO  api.test.UserTests - **********User info  is displayed ***************
15:31:53.847 [main] INFO  api.test.UserTests - ********** Updating User ***************
15:31:54.058 [main] INFO  api.test.UserTests - ********** User updated ***************
15:31:54.258 [main] INFO  api.test.UserTests - **********   Deleting User  ***************
15:31:54.452 [main] INFO  api.test.UserTests - ********** User deleted ***************
15:33:40.167 [main] DEBUG org.apache.poi.openxml4j.opc.PackageRelationshipCollection - Parsing relationship: /xl/_rels/workbook.xml.rels
15:33:40.174 [main] DEBUG org.apache.poi.openxml4j.opc.PackageRelationshipCollection - Parsing relationship: /xl/worksheets/_rels/sheet1.xml.rels
15:33:40.175 [main] DEBUG org.apache.poi.openxml4j.opc.PackageRelationshipCollection - Parsing relationship: /_rels/.rels
15:33:40.557 [main] DEBUG org.apache.poi.ooxml.POIXMLFactory - using default POIXMLDocumentPart for http://schemas.openxmlformats.org/officeDocument/2006/relationships/printerSettings
15:33:40.627 [main] DEBUG org.apache.poi.openxml4j.opc.PackageRelationshipCollection - Parsing relationship: /xl/_rels/workbook.xml.rels
15:33:40.627 [main] DEBUG org.apache.poi.openxml4j.opc.PackageRelationshipCollection - Parsing relationship: /xl/worksheets/_rels/sheet1.xml.rels
15:33:40.628 [main] DEBUG org.apache.poi.openxml4j.opc.PackageRelationshipCollection - Parsing relationship: /_rels/.rels
15:33:40.642 [main] DEBUG org.apache.poi.ooxml.POIXMLFactory - using default POIXMLDocumentPart for http://schemas.openxmlformats.org/officeDocument/2006/relationships/printerSettings
15:33:40.656 [main] DEBUG org.apache.poi.openxml4j.opc.PackageRelationshipCollection - Parsing relationship: /xl/_rels/workbook.xml.rels
15:33:40.657 [main] DEBUG org.apache.poi.openxml4j.opc.PackageRelationshipCollection - Parsing relationship: /xl/worksheets/_rels/sheet1.xml.rels
15:33:40.658 [main] DEBUG org.apache.poi.openxml4j.opc.PackageRelationshipCollection - Parsing relationship: /_rels/.rels
15:33:40.670 [main] DEBUG org.apache.poi.ooxml.POIXMLFactory - using default POIXMLDocumentPart for http://schemas.openxmlformats.org/officeDocument/2006/relationships/printerSettings
15:33:40.707 [main] DEBUG org.apache.poi.openxml4j.opc.PackageRelationshipCollection - Parsing relationship: /xl/_rels/workbook.xml.rels
15:33:40.709 [main] DEBUG org.apache.poi.openxml4j.opc.PackageRelationshipCollection - Parsing relationship: /xl/worksheets/_rels/sheet1.xml.rels
15:33:40.711 [main] DEBUG org.apache.poi.openxml4j.opc.PackageRelationshipCollection - Parsing relationship: /_rels/.rels
15:33:40.721 [main] DEBUG org.apache.poi.ooxml.POIXMLFactory - using default POIXMLDocumentPart for http://schemas.openxmlformats.org/officeDocument/2006/relationships/printerSettings
15:33:40.740 [main] DEBUG org.apache.poi.openxml4j.opc.PackageRelationshipCollection - Parsing relationship: /xl/_rels/workbook.xml.rels
15:33:40.741 [main] DEBUG org.apache.poi.openxml4j.opc.PackageRelationshipCollection - Parsing relationship: /xl/worksheets/_rels/sheet1.xml.rels
15:33:40.741 [main] DEBUG org.apache.poi.openxml4j.opc.PackageRelationshipCollection - Parsing relationship: /_rels/.rels
15:33:40.749 [main] DEBUG org.apache.poi.ooxml.POIXMLFactory - using default POIXMLDocumentPart for http://schemas.openxmlformats.org/officeDocument/2006/relationships/printerSettings
15:33:40.760 [main] DEBUG org.apache.poi.openxml4j.opc.PackageRelationshipCollection - Parsing relationship: /xl/_rels/workbook.xml.rels
15:33:40.762 [main] DEBUG org.apache.poi.openxml4j.opc.PackageRelationshipCollection - Parsing relationship: /xl/worksheets/_rels/sheet1.xml.rels
15:33:40.763 [main] DEBUG org.apache.poi.openxml4j.opc.PackageRelationshipCollection - Parsing relationship: /_rels/.rels
15:33:40.772 [main] DEBUG org.apache.poi.ooxml.POIXMLFactory - using default POIXMLDocumentPart for http://schemas.openxmlformats.org/officeDocument/2006/relationships/printerSettings
15:33:40.786 [main] DEBUG org.apache.poi.openxml4j.opc.PackageRelationshipCollection - Parsing relationship: /xl/_rels/workbook.xml.rels
15:33:40.787 [main] DEBUG org.apache.poi.openxml4j.opc.PackageRelationshipCollection - Parsing relationship: /xl/worksheets/_rels/sheet1.xml.rels
15:33:40.787 [main] DEBUG org.apache.poi.openxml4j.opc.PackageRelationshipCollection - Parsing relationship: /_rels/.rels
15:33:40.796 [main] DEBUG org.apache.poi.ooxml.POIXMLFactory - using default POIXMLDocumentPart for http://schemas.openxmlformats.org/officeDocument/2006/relationships/printerSettings
15:33:40.807 [main] DEBUG org.apache.poi.openxml4j.opc.PackageRelationshipCollection - Parsing relationship: /xl/_rels/workbook.xml.rels
15:33:40.808 [main] DEBUG org.apache.poi.openxml4j.opc.PackageRelationshipCollection - Parsing relationship: /xl/worksheets/_rels/sheet1.xml.rels
15:33:40.809 [main] DEBUG org.apache.poi.openxml4j.opc.PackageRelationshipCollection - Parsing relationship: /_rels/.rels
15:33:40.820 [main] DEBUG org.apache.poi.ooxml.POIXMLFactory - using default POIXMLDocumentPart for http://schemas.openxmlformats.org/officeDocument/2006/relationships/printerSettings
15:33:40.829 [main] DEBUG org.apache.poi.openxml4j.opc.PackageRelationshipCollection - Parsing relationship: /xl/_rels/workbook.xml.rels
15:33:40.830 [main] DEBUG org.apache.poi.openxml4j.opc.PackageRelationshipCollection - Parsing relationship: /xl/worksheets/_rels/sheet1.xml.rels
15:33:40.831 [main] DEBUG org.apache.poi.openxml4j.opc.PackageRelationshipCollection - Parsing relationship: /_rels/.rels
15:33:40.838 [main] DEBUG org.apache.poi.ooxml.POIXMLFactory - using default POIXMLDocumentPart for http://schemas.openxmlformats.org/officeDocument/2006/relationships/printerSettings
15:33:40.851 [main] DEBUG org.apache.poi.openxml4j.opc.PackageRelationshipCollection - Parsing relationship: /xl/_rels/workbook.xml.rels
15:33:40.852 [main] DEBUG org.apache.poi.openxml4j.opc.PackageRelationshipCollection - Parsing relationship: /xl/worksheets/_rels/sheet1.xml.rels
15:33:40.854 [main] DEBUG org.apache.poi.openxml4j.opc.PackageRelationshipCollection - Parsing relationship: /_rels/.rels
15:33:40.864 [main] DEBUG org.apache.poi.ooxml.POIXMLFactory - using default POIXMLDocumentPart for http://schemas.openxmlformats.org/officeDocument/2006/relationships/printerSettings
15:33:40.878 [main] DEBUG org.apache.poi.openxml4j.opc.PackageRelationshipCollection - Parsing relationship: /xl/_rels/workbook.xml.rels
15:33:40.879 [main] DEBUG org.apache.poi.openxml4j.opc.PackageRelationshipCollection - Parsing relationship: /xl/worksheets/_rels/sheet1.xml.rels
15:33:40.880 [main] DEBUG org.apache.poi.openxml4j.opc.PackageRelationshipCollection - Parsing relationship: /_rels/.rels
15:33:40.890 [main] DEBUG org.apache.poi.ooxml.POIXMLFactory - using default POIXMLDocumentPart for http://schemas.openxmlformats.org/officeDocument/2006/relationships/printerSettings
15:33:40.901 [main] DEBUG org.apache.poi.openxml4j.opc.PackageRelationshipCollection - Parsing relationship: /xl/_rels/workbook.xml.rels
15:33:40.902 [main] DEBUG org.apache.poi.openxml4j.opc.PackageRelationshipCollection - Parsing relationship: /xl/worksheets/_rels/sheet1.xml.rels
15:33:40.903 [main] DEBUG org.apache.poi.openxml4j.opc.PackageRelationshipCollection - Parsing relationship: /_rels/.rels
15:33:40.911 [main] DEBUG org.apache.poi.ooxml.POIXMLFactory - using default POIXMLDocumentPart for http://schemas.openxmlformats.org/officeDocument/2006/relationships/printerSettings
15:33:40.921 [main] DEBUG org.apache.poi.openxml4j.opc.PackageRelationshipCollection - Parsing relationship: /xl/_rels/workbook.xml.rels
15:33:40.921 [main] DEBUG org.apache.poi.openxml4j.opc.PackageRelationshipCollection - Parsing relationship: /xl/worksheets/_rels/sheet1.xml.rels
15:33:40.922 [main] DEBUG org.apache.poi.openxml4j.opc.PackageRelationshipCollection - Parsing relationship: /_rels/.rels
15:33:40.929 [main] DEBUG org.apache.poi.ooxml.POIXMLFactory - using default POIXMLDocumentPart for http://schemas.openxmlformats.org/officeDocument/2006/relationships/printerSettings
15:33:40.946 [main] DEBUG org.apache.poi.openxml4j.opc.PackageRelationshipCollection - Parsing relationship: /xl/_rels/workbook.xml.rels
15:33:40.946 [main] DEBUG org.apache.poi.openxml4j.opc.PackageRelationshipCollection - Parsing relationship: /xl/worksheets/_rels/sheet1.xml.rels
15:33:40.947 [main] DEBUG org.apache.poi.openxml4j.opc.PackageRelationshipCollection - Parsing relationship: /_rels/.rels
15:33:40.954 [main] DEBUG org.apache.poi.ooxml.POIXMLFactory - using default POIXMLDocumentPart for http://schemas.openxmlformats.org/officeDocument/2006/relationships/printerSettings
15:33:40.966 [main] DEBUG org.apache.poi.openxml4j.opc.PackageRelationshipCollection - Parsing relationship: /xl/_rels/workbook.xml.rels
15:33:40.967 [main] DEBUG org.apache.poi.openxml4j.opc.PackageRelationshipCollection - Parsing relationship: /xl/worksheets/_rels/sheet1.xml.rels
15:33:40.967 [main] DEBUG org.apache.poi.openxml4j.opc.PackageRelationshipCollection - Parsing relationship: /_rels/.rels
15:33:40.975 [main] DEBUG org.apache.poi.ooxml.POIXMLFactory - using default POIXMLDocumentPart for http://schemas.openxmlformats.org/officeDocument/2006/relationships/printerSettings
15:33:40.988 [main] DEBUG org.apache.poi.openxml4j.opc.PackageRelationshipCollection - Parsing relationship: /xl/_rels/workbook.xml.rels
15:33:40.989 [main] DEBUG org.apache.poi.openxml4j.opc.PackageRelationshipCollection - Parsing relationship: /xl/worksheets/_rels/sheet1.xml.rels
15:33:40.990 [main] DEBUG org.apache.poi.openxml4j.opc.PackageRelationshipCollection - Parsing relationship: /_rels/.rels
15:33:41.001 [main] DEBUG org.apache.poi.ooxml.POIXMLFactory - using default POIXMLDocumentPart for http://schemas.openxmlformats.org/officeDocument/2006/relationships/printerSettings
15:33:41.012 [main] DEBUG org.apache.poi.openxml4j.opc.PackageRelationshipCollection - Parsing relationship: /xl/_rels/workbook.xml.rels
15:33:41.012 [main] DEBUG org.apache.poi.openxml4j.opc.PackageRelationshipCollection - Parsing relationship: /xl/worksheets/_rels/sheet1.xml.rels
15:33:41.013 [main] DEBUG org.apache.poi.openxml4j.opc.PackageRelationshipCollection - Parsing relationship: /_rels/.rels
15:33:41.019 [main] DEBUG org.apache.poi.ooxml.POIXMLFactory - using default POIXMLDocumentPart for http://schemas.openxmlformats.org/officeDocument/2006/relationships/printerSettings
15:33:41.029 [main] DEBUG org.apache.poi.openxml4j.opc.PackageRelationshipCollection - Parsing relationship: /xl/_rels/workbook.xml.rels
15:33:41.030 [main] DEBUG org.apache.poi.openxml4j.opc.PackageRelationshipCollection - Parsing relationship: /xl/worksheets/_rels/sheet1.xml.rels
15:33:41.031 [main] DEBUG org.apache.poi.openxml4j.opc.PackageRelationshipCollection - Parsing relationship: /_rels/.rels
15:33:41.037 [main] DEBUG org.apache.poi.ooxml.POIXMLFactory - using default POIXMLDocumentPart for http://schemas.openxmlformats.org/officeDocument/2006/relationships/printerSettings
15:33:41.045 [main] DEBUG org.apache.poi.openxml4j.opc.PackageRelationshipCollection - Parsing relationship: /xl/_rels/workbook.xml.rels
15:33:41.045 [main] DEBUG org.apache.poi.openxml4j.opc.PackageRelationshipCollection - Parsing relationship: /xl/worksheets/_rels/sheet1.xml.rels
15:33:41.046 [main] DEBUG org.apache.poi.openxml4j.opc.PackageRelationshipCollection - Parsing relationship: /_rels/.rels
15:33:41.052 [main] DEBUG org.apache.poi.ooxml.POIXMLFactory - using default POIXMLDocumentPart for http://schemas.openxmlformats.org/officeDocument/2006/relationships/printerSettings
15:33:41.062 [main] DEBUG org.apache.poi.openxml4j.opc.PackageRelationshipCollection - Parsing relationship: /xl/_rels/workbook.xml.rels
15:33:41.063 [main] DEBUG org.apache.poi.openxml4j.opc.PackageRelationshipCollection - Parsing relationship: /xl/worksheets/_rels/sheet1.xml.rels
15:33:41.064 [main] DEBUG org.apache.poi.openxml4j.opc.PackageRelationshipCollection - Parsing relationship: /_rels/.rels
15:33:41.070 [main] DEBUG org.apache.poi.ooxml.POIXMLFactory - using default POIXMLDocumentPart for http://schemas.openxmlformats.org/officeDocument/2006/relationships/printerSettings
15:33:41.081 [main] DEBUG org.apache.poi.openxml4j.opc.PackageRelationshipCollection - Parsing relationship: /xl/_rels/workbook.xml.rels
15:33:41.082 [main] DEBUG org.apache.poi.openxml4j.opc.PackageRelationshipCollection - Parsing relationship: /xl/worksheets/_rels/sheet1.xml.rels
15:33:41.083 [main] DEBUG org.apache.poi.openxml4j.opc.PackageRelationshipCollection - Parsing relationship: /_rels/.rels
15:33:41.088 [main] DEBUG org.apache.poi.ooxml.POIXMLFactory - using default POIXMLDocumentPart for http://schemas.openxmlformats.org/officeDocument/2006/relationships/printerSettings
15:33:41.097 [main] DEBUG org.apache.poi.openxml4j.opc.PackageRelationshipCollection - Parsing relationship: /xl/_rels/workbook.xml.rels
15:33:41.098 [main] DEBUG org.apache.poi.openxml4j.opc.PackageRelationshipCollection - Parsing relationship: /xl/worksheets/_rels/sheet1.xml.rels
15:33:41.099 [main] DEBUG org.apache.poi.openxml4j.opc.PackageRelationshipCollection - Parsing relationship: /_rels/.rels
15:33:41.104 [main] DEBUG org.apache.poi.ooxml.POIXMLFactory - using default POIXMLDocumentPart for http://schemas.openxmlformats.org/officeDocument/2006/relationships/printerSettings
15:33:41.114 [main] DEBUG org.apache.poi.openxml4j.opc.PackageRelationshipCollection - Parsing relationship: /xl/_rels/workbook.xml.rels
15:33:41.115 [main] DEBUG org.apache.poi.openxml4j.opc.PackageRelationshipCollection - Parsing relationship: /xl/worksheets/_rels/sheet1.xml.rels
15:33:41.115 [main] DEBUG org.apache.poi.openxml4j.opc.PackageRelationshipCollection - Parsing relationship: /_rels/.rels
15:33:41.122 [main] DEBUG org.apache.poi.ooxml.POIXMLFactory - using default POIXMLDocumentPart for http://schemas.openxmlformats.org/officeDocument/2006/relationships/printerSettings
15:33:43.413 [main] DEBUG org.apache.poi.openxml4j.opc.PackageRelationshipCollection - Parsing relationship: /xl/_rels/workbook.xml.rels
15:33:43.414 [main] DEBUG org.apache.poi.openxml4j.opc.PackageRelationshipCollection - Parsing relationship: /xl/worksheets/_rels/sheet1.xml.rels
15:33:43.414 [main] DEBUG org.apache.poi.openxml4j.opc.PackageRelationshipCollection - Parsing relationship: /_rels/.rels
15:33:43.420 [main] DEBUG org.apache.poi.ooxml.POIXMLFactory - using default POIXMLDocumentPart for http://schemas.openxmlformats.org/officeDocument/2006/relationships/printerSettings
15:33:43.429 [main] DEBUG org.apache.poi.openxml4j.opc.PackageRelationshipCollection - Parsing relationship: /xl/_rels/workbook.xml.rels
15:33:43.429 [main] DEBUG org.apache.poi.openxml4j.opc.PackageRelationshipCollection - Parsing relationship: /xl/worksheets/_rels/sheet1.xml.rels
15:33:43.430 [main] DEBUG org.apache.poi.openxml4j.opc.PackageRelationshipCollection - Parsing relationship: /_rels/.rels
15:33:43.435 [main] DEBUG org.apache.poi.ooxml.POIXMLFactory - using default POIXMLDocumentPart for http://schemas.openxmlformats.org/officeDocument/2006/relationships/printerSettings
15:33:43.443 [main] DEBUG org.apache.poi.openxml4j.opc.PackageRelationshipCollection - Parsing relationship: /xl/_rels/workbook.xml.rels
15:33:43.444 [main] DEBUG org.apache.poi.openxml4j.opc.PackageRelationshipCollection - Parsing relationship: /xl/worksheets/_rels/sheet1.xml.rels
15:33:43.444 [main] DEBUG org.apache.poi.openxml4j.opc.PackageRelationshipCollection - Parsing relationship: /_rels/.rels
15:33:43.453 [main] DEBUG org.apache.poi.ooxml.POIXMLFactory - using default POIXMLDocumentPart for http://schemas.openxmlformats.org/officeDocument/2006/relationships/printerSettings
15:33:43.463 [main] DEBUG org.apache.poi.openxml4j.opc.PackageRelationshipCollection - Parsing relationship: /xl/_rels/workbook.xml.rels
15:33:43.463 [main] DEBUG org.apache.poi.openxml4j.opc.PackageRelationshipCollection - Parsing relationship: /xl/worksheets/_rels/sheet1.xml.rels
15:33:43.463 [main] DEBUG org.apache.poi.openxml4j.opc.PackageRelationshipCollection - Parsing relationship: /_rels/.rels
15:33:43.469 [main] DEBUG org.apache.poi.ooxml.POIXMLFactory - using default POIXMLDocumentPart for http://schemas.openxmlformats.org/officeDocument/2006/relationships/printerSettings
15:36:00.590 [main] DEBUG org.apache.poi.openxml4j.opc.PackageRelationshipCollection - Parsing relationship: /xl/_rels/workbook.xml.rels
15:36:00.596 [main] DEBUG org.apache.poi.openxml4j.opc.PackageRelationshipCollection - Parsing relationship: /xl/worksheets/_rels/sheet1.xml.rels
15:36:00.597 [main] DEBUG org.apache.poi.openxml4j.opc.PackageRelationshipCollection - Parsing relationship: /_rels/.rels
15:36:00.998 [main] DEBUG org.apache.poi.ooxml.POIXMLFactory - using default POIXMLDocumentPart for http://schemas.openxmlformats.org/officeDocument/2006/relationships/printerSettings
15:36:01.063 [main] DEBUG org.apache.poi.openxml4j.opc.PackageRelationshipCollection - Parsing relationship: /xl/_rels/workbook.xml.rels
15:36:01.064 [main] DEBUG org.apache.poi.openxml4j.opc.PackageRelationshipCollection - Parsing relationship: /xl/worksheets/_rels/sheet1.xml.rels
15:36:01.064 [main] DEBUG org.apache.poi.openxml4j.opc.PackageRelationshipCollection - Parsing relationship: /_rels/.rels
15:36:01.078 [main] DEBUG org.apache.poi.ooxml.POIXMLFactory - using default POIXMLDocumentPart for http://schemas.openxmlformats.org/officeDocument/2006/relationships/printerSettings
15:36:01.092 [main] DEBUG org.apache.poi.openxml4j.opc.PackageRelationshipCollection - Parsing relationship: /xl/_rels/workbook.xml.rels
15:36:01.093 [main] DEBUG org.apache.poi.openxml4j.opc.PackageRelationshipCollection - Parsing relationship: /xl/worksheets/_rels/sheet1.xml.rels
15:36:01.093 [main] DEBUG org.apache.poi.openxml4j.opc.PackageRelationshipCollection - Parsing relationship: /_rels/.rels
15:36:01.103 [main] DEBUG org.apache.poi.ooxml.POIXMLFactory - using default POIXMLDocumentPart for http://schemas.openxmlformats.org/officeDocument/2006/relationships/printerSettings
15:36:01.140 [main] DEBUG org.apache.poi.openxml4j.opc.PackageRelationshipCollection - Parsing relationship: /xl/_rels/workbook.xml.rels
15:36:01.141 [main] DEBUG org.apache.poi.openxml4j.opc.PackageRelationshipCollection - Parsing relationship: /xl/worksheets/_rels/sheet1.xml.rels
15:36:01.142 [main] DEBUG org.apache.poi.openxml4j.opc.PackageRelationshipCollection - Parsing relationship: /_rels/.rels
15:36:01.155 [main] DEBUG org.apache.poi.ooxml.POIXMLFactory - using default POIXMLDocumentPart for http://schemas.openxmlformats.org/officeDocument/2006/relationships/printerSettings
15:36:01.170 [main] DEBUG org.apache.poi.openxml4j.opc.PackageRelationshipCollection - Parsing relationship: /xl/_rels/workbook.xml.rels
15:36:01.172 [main] DEBUG org.apache.poi.openxml4j.opc.PackageRelationshipCollection - Parsing relationship: /xl/worksheets/_rels/sheet1.xml.rels
15:36:01.172 [main] DEBUG org.apache.poi.openxml4j.opc.PackageRelationshipCollection - Parsing relationship: /_rels/.rels
15:36:01.184 [main] DEBUG org.apache.poi.ooxml.POIXMLFactory - using default POIXMLDocumentPart for http://schemas.openxmlformats.org/officeDocument/2006/relationships/printerSettings
15:36:01.199 [main] DEBUG org.apache.poi.openxml4j.opc.PackageRelationshipCollection - Parsing relationship: /xl/_rels/workbook.xml.rels
15:36:01.201 [main] DEBUG org.apache.poi.openxml4j.opc.PackageRelationshipCollection - Parsing relationship: /xl/worksheets/_rels/sheet1.xml.rels
15:36:01.201 [main] DEBUG org.apache.poi.openxml4j.opc.PackageRelationshipCollection - Parsing relationship: /_rels/.rels
15:36:01.209 [main] DEBUG org.apache.poi.ooxml.POIXMLFactory - using default POIXMLDocumentPart for http://schemas.openxmlformats.org/officeDocument/2006/relationships/printerSettings
15:36:01.221 [main] DEBUG org.apache.poi.openxml4j.opc.PackageRelationshipCollection - Parsing relationship: /xl/_rels/workbook.xml.rels
15:36:01.224 [main] DEBUG org.apache.poi.openxml4j.opc.PackageRelationshipCollection - Parsing relationship: /xl/worksheets/_rels/sheet1.xml.rels
15:36:01.224 [main] DEBUG org.apache.poi.openxml4j.opc.PackageRelationshipCollection - Parsing relationship: /_rels/.rels
15:36:01.236 [main] DEBUG org.apache.poi.ooxml.POIXMLFactory - using default POIXMLDocumentPart for http://schemas.openxmlformats.org/officeDocument/2006/relationships/printerSettings
15:36:01.250 [main] DEBUG org.apache.poi.openxml4j.opc.PackageRelationshipCollection - Parsing relationship: /xl/_rels/workbook.xml.rels
15:36:01.251 [main] DEBUG org.apache.poi.openxml4j.opc.PackageRelationshipCollection - Parsing relationship: /xl/worksheets/_rels/sheet1.xml.rels
15:36:01.252 [main] DEBUG org.apache.poi.openxml4j.opc.PackageRelationshipCollection - Parsing relationship: /_rels/.rels
15:36:01.262 [main] DEBUG org.apache.poi.ooxml.POIXMLFactory - using default POIXMLDocumentPart for http://schemas.openxmlformats.org/officeDocument/2006/relationships/printerSettings
15:36:01.275 [main] DEBUG org.apache.poi.openxml4j.opc.PackageRelationshipCollection - Parsing relationship: /xl/_rels/workbook.xml.rels
15:36:01.276 [main] DEBUG org.apache.poi.openxml4j.opc.PackageRelationshipCollection - Parsing relationship: /xl/worksheets/_rels/sheet1.xml.rels
15:36:01.277 [main] DEBUG org.apache.poi.openxml4j.opc.PackageRelationshipCollection - Parsing relationship: /_rels/.rels
15:36:01.285 [main] DEBUG org.apache.poi.ooxml.POIXMLFactory - using default POIXMLDocumentPart for http://schemas.openxmlformats.org/officeDocument/2006/relationships/printerSettings
15:36:01.297 [main] DEBUG org.apache.poi.openxml4j.opc.PackageRelationshipCollection - Parsing relationship: /xl/_rels/workbook.xml.rels
15:36:01.298 [main] DEBUG org.apache.poi.openxml4j.opc.PackageRelationshipCollection - Parsing relationship: /xl/worksheets/_rels/sheet1.xml.rels
15:36:01.299 [main] DEBUG org.apache.poi.openxml4j.opc.PackageRelationshipCollection - Parsing relationship: /_rels/.rels
15:36:01.308 [main] DEBUG org.apache.poi.ooxml.POIXMLFactory - using default POIXMLDocumentPart for http://schemas.openxmlformats.org/officeDocument/2006/relationships/printerSettings
15:36:01.320 [main] DEBUG org.apache.poi.openxml4j.opc.PackageRelationshipCollection - Parsing relationship: /xl/_rels/workbook.xml.rels
15:36:01.321 [main] DEBUG org.apache.poi.openxml4j.opc.PackageRelationshipCollection - Parsing relationship: /xl/worksheets/_rels/sheet1.xml.rels
15:36:01.322 [main] DEBUG org.apache.poi.openxml4j.opc.PackageRelationshipCollection - Parsing relationship: /_rels/.rels
15:36:01.330 [main] DEBUG org.apache.poi.ooxml.POIXMLFactory - using default POIXMLDocumentPart for http://schemas.openxmlformats.org/officeDocument/2006/relationships/printerSettings
15:36:01.339 [main] DEBUG org.apache.poi.openxml4j.opc.PackageRelationshipCollection - Parsing relationship: /xl/_rels/workbook.xml.rels
15:36:01.339 [main] DEBUG org.apache.poi.openxml4j.opc.PackageRelationshipCollection - Parsing relationship: /xl/worksheets/_rels/sheet1.xml.rels
15:36:01.340 [main] DEBUG org.apache.poi.openxml4j.opc.PackageRelationshipCollection - Parsing relationship: /_rels/.rels
15:36:01.348 [main] DEBUG org.apache.poi.ooxml.POIXMLFactory - using default POIXMLDocumentPart for http://schemas.openxmlformats.org/officeDocument/2006/relationships/printerSettings
15:36:01.359 [main] DEBUG org.apache.poi.openxml4j.opc.PackageRelationshipCollection - Parsing relationship: /xl/_rels/workbook.xml.rels
15:36:01.362 [main] DEBUG org.apache.poi.openxml4j.opc.PackageRelationshipCollection - Parsing relationship: /xl/worksheets/_rels/sheet1.xml.rels
15:36:01.363 [main] DEBUG org.apache.poi.openxml4j.opc.PackageRelationshipCollection - Parsing relationship: /_rels/.rels
15:36:01.378 [main] DEBUG org.apache.poi.ooxml.POIXMLFactory - using default POIXMLDocumentPart for http://schemas.openxmlformats.org/officeDocument/2006/relationships/printerSettings
15:36:01.390 [main] DEBUG org.apache.poi.openxml4j.opc.PackageRelationshipCollection - Parsing relationship: /xl/_rels/workbook.xml.rels
15:36:01.391 [main] DEBUG org.apache.poi.openxml4j.opc.PackageRelationshipCollection - Parsing relationship: /xl/worksheets/_rels/sheet1.xml.rels
15:36:01.392 [main] DEBUG org.apache.poi.openxml4j.opc.PackageRelationshipCollection - Parsing relationship: /_rels/.rels
15:36:01.399 [main] DEBUG org.apache.poi.ooxml.POIXMLFactory - using default POIXMLDocumentPart for http://schemas.openxmlformats.org/officeDocument/2006/relationships/printerSettings
15:36:01.412 [main] DEBUG org.apache.poi.openxml4j.opc.PackageRelationshipCollection - Parsing relationship: /xl/_rels/workbook.xml.rels
15:36:01.414 [main] DEBUG org.apache.poi.openxml4j.opc.PackageRelationshipCollection - Parsing relationship: /xl/worksheets/_rels/sheet1.xml.rels
15:36:01.415 [main] DEBUG org.apache.poi.openxml4j.opc.PackageRelationshipCollection - Parsing relationship: /_rels/.rels
15:36:01.422 [main] DEBUG org.apache.poi.ooxml.POIXMLFactory - using default POIXMLDocumentPart for http://schemas.openxmlformats.org/officeDocument/2006/relationships/printerSettings
15:36:01.433 [main] DEBUG org.apache.poi.openxml4j.opc.PackageRelationshipCollection - Parsing relationship: /xl/_rels/workbook.xml.rels
15:36:01.433 [main] DEBUG org.apache.poi.openxml4j.opc.PackageRelationshipCollection - Parsing relationship: /xl/worksheets/_rels/sheet1.xml.rels
15:36:01.435 [main] DEBUG org.apache.poi.openxml4j.opc.PackageRelationshipCollection - Parsing relationship: /_rels/.rels
15:36:01.446 [main] DEBUG org.apache.poi.ooxml.POIXMLFactory - using default POIXMLDocumentPart for http://schemas.openxmlformats.org/officeDocument/2006/relationships/printerSettings
15:36:01.458 [main] DEBUG org.apache.poi.openxml4j.opc.PackageRelationshipCollection - Parsing relationship: /xl/_rels/workbook.xml.rels
15:36:01.459 [main] DEBUG org.apache.poi.openxml4j.opc.PackageRelationshipCollection - Parsing relationship: /xl/worksheets/_rels/sheet1.xml.rels
15:36:01.460 [main] DEBUG org.apache.poi.openxml4j.opc.PackageRelationshipCollection - Parsing relationship: /_rels/.rels
15:36:01.466 [main] DEBUG org.apache.poi.ooxml.POIXMLFactory - using default POIXMLDocumentPart for http://schemas.openxmlformats.org/officeDocument/2006/relationships/printerSettings
15:36:01.478 [main] DEBUG org.apache.poi.openxml4j.opc.PackageRelationshipCollection - Parsing relationship: /xl/_rels/workbook.xml.rels
15:36:01.478 [main] DEBUG org.apache.poi.openxml4j.opc.PackageRelationshipCollection - Parsing relationship: /xl/worksheets/_rels/sheet1.xml.rels
15:36:01.479 [main] DEBUG org.apache.poi.openxml4j.opc.PackageRelationshipCollection - Parsing relationship: /_rels/.rels
15:36:01.486 [main] DEBUG org.apache.poi.ooxml.POIXMLFactory - using default POIXMLDocumentPart for http://schemas.openxmlformats.org/officeDocument/2006/relationships/printerSettings
15:36:01.495 [main] DEBUG org.apache.poi.openxml4j.opc.PackageRelationshipCollection - Parsing relationship: /xl/_rels/workbook.xml.rels
15:36:01.496 [main] DEBUG org.apache.poi.openxml4j.opc.PackageRelationshipCollection - Parsing relationship: /xl/worksheets/_rels/sheet1.xml.rels
15:36:01.496 [main] DEBUG org.apache.poi.openxml4j.opc.PackageRelationshipCollection - Parsing relationship: /_rels/.rels
15:36:01.505 [main] DEBUG org.apache.poi.ooxml.POIXMLFactory - using default POIXMLDocumentPart for http://schemas.openxmlformats.org/officeDocument/2006/relationships/printerSettings
15:36:01.513 [main] DEBUG org.apache.poi.openxml4j.opc.PackageRelationshipCollection - Parsing relationship: /xl/_rels/workbook.xml.rels
15:36:01.514 [main] DEBUG org.apache.poi.openxml4j.opc.PackageRelationshipCollection - Parsing relationship: /xl/worksheets/_rels/sheet1.xml.rels
15:36:01.515 [main] DEBUG org.apache.poi.openxml4j.opc.PackageRelationshipCollection - Parsing relationship: /_rels/.rels
15:36:01.522 [main] DEBUG org.apache.poi.ooxml.POIXMLFactory - using default POIXMLDocumentPart for http://schemas.openxmlformats.org/officeDocument/2006/relationships/printerSettings
15:36:01.531 [main] DEBUG org.apache.poi.openxml4j.opc.PackageRelationshipCollection - Parsing relationship: /xl/_rels/workbook.xml.rels
15:36:01.532 [main] DEBUG org.apache.poi.openxml4j.opc.PackageRelationshipCollection - Parsing relationship: /xl/worksheets/_rels/sheet1.xml.rels
15:36:01.533 [main] DEBUG org.apache.poi.openxml4j.opc.PackageRelationshipCollection - Parsing relationship: /_rels/.rels
15:36:01.538 [main] DEBUG org.apache.poi.ooxml.POIXMLFactory - using default POIXMLDocumentPart for http://schemas.openxmlformats.org/officeDocument/2006/relationships/printerSettings
15:36:01.545 [main] DEBUG org.apache.poi.openxml4j.opc.PackageRelationshipCollection - Parsing relationship: /xl/_rels/workbook.xml.rels
15:36:01.546 [main] DEBUG org.apache.poi.openxml4j.opc.PackageRelationshipCollection - Parsing relationship: /xl/worksheets/_rels/sheet1.xml.rels
15:36:01.547 [main] DEBUG org.apache.poi.openxml4j.opc.PackageRelationshipCollection - Parsing relationship: /_rels/.rels
15:36:01.554 [main] DEBUG org.apache.poi.ooxml.POIXMLFactory - using default POIXMLDocumentPart for http://schemas.openxmlformats.org/officeDocument/2006/relationships/printerSettings
15:36:01.564 [main] DEBUG org.apache.poi.openxml4j.opc.PackageRelationshipCollection - Parsing relationship: /xl/_rels/workbook.xml.rels
15:36:01.564 [main] DEBUG org.apache.poi.openxml4j.opc.PackageRelationshipCollection - Parsing relationship: /xl/worksheets/_rels/sheet1.xml.rels
15:36:01.565 [main] DEBUG org.apache.poi.openxml4j.opc.PackageRelationshipCollection - Parsing relationship: /_rels/.rels
15:36:01.573 [main] DEBUG org.apache.poi.ooxml.POIXMLFactory - using default POIXMLDocumentPart for http://schemas.openxmlformats.org/officeDocument/2006/relationships/printerSettings
15:36:03.813 [main] DEBUG org.apache.poi.openxml4j.opc.PackageRelationshipCollection - Parsing relationship: /xl/_rels/workbook.xml.rels
15:36:03.814 [main] DEBUG org.apache.poi.openxml4j.opc.PackageRelationshipCollection - Parsing relationship: /xl/worksheets/_rels/sheet1.xml.rels
15:36:03.815 [main] DEBUG org.apache.poi.openxml4j.opc.PackageRelationshipCollection - Parsing relationship: /_rels/.rels
15:36:03.822 [main] DEBUG org.apache.poi.ooxml.POIXMLFactory - using default POIXMLDocumentPart for http://schemas.openxmlformats.org/officeDocument/2006/relationships/printerSettings
15:36:03.831 [main] DEBUG org.apache.poi.openxml4j.opc.PackageRelationshipCollection - Parsing relationship: /xl/_rels/workbook.xml.rels
15:36:03.831 [main] DEBUG org.apache.poi.openxml4j.opc.PackageRelationshipCollection - Parsing relationship: /xl/worksheets/_rels/sheet1.xml.rels
15:36:03.832 [main] DEBUG org.apache.poi.openxml4j.opc.PackageRelationshipCollection - Parsing relationship: /_rels/.rels
15:36:03.839 [main] DEBUG org.apache.poi.ooxml.POIXMLFactory - using default POIXMLDocumentPart for http://schemas.openxmlformats.org/officeDocument/2006/relationships/printerSettings
15:36:03.846 [main] DEBUG org.apache.poi.openxml4j.opc.PackageRelationshipCollection - Parsing relationship: /xl/_rels/workbook.xml.rels
15:36:03.847 [main] DEBUG org.apache.poi.openxml4j.opc.PackageRelationshipCollection - Parsing relationship: /xl/worksheets/_rels/sheet1.xml.rels
15:36:03.847 [main] DEBUG org.apache.poi.openxml4j.opc.PackageRelationshipCollection - Parsing relationship: /_rels/.rels
15:36:03.853 [main] DEBUG org.apache.poi.ooxml.POIXMLFactory - using default POIXMLDocumentPart for http://schemas.openxmlformats.org/officeDocument/2006/relationships/printerSettings
15:36:03.868 [main] DEBUG org.apache.poi.openxml4j.opc.PackageRelationshipCollection - Parsing relationship: /xl/_rels/workbook.xml.rels
15:36:03.869 [main] DEBUG org.apache.poi.openxml4j.opc.PackageRelationshipCollection - Parsing relationship: /xl/worksheets/_rels/sheet1.xml.rels
15:36:03.870 [main] DEBUG org.apache.poi.openxml4j.opc.PackageRelationshipCollection - Parsing relationship: /_rels/.rels
15:36:03.874 [main] DEBUG org.apache.poi.ooxml.POIXMLFactory - using default POIXMLDocumentPart for http://schemas.openxmlformats.org/officeDocument/2006/relationships/printerSettings
14:04:09.542 [main] DEBUG api.test.UserTests2 - debugging.....
14:04:09.555 [main] INFO  api.test.UserTests2 - ********** Creating user  ***************
14:04:11.321 [main] INFO  api.test.UserTests2 - **********User is creatged  ***************
14:04:11.347 [main] INFO  api.test.UserTests2 - ********** Reading User Info ***************
14:04:11.576 [main] INFO  api.test.UserTests2 - ********** Updating User ***************
14:04:11.778 [main] INFO  api.test.UserTests2 - ********** User updated ***************
14:04:11.976 [main] INFO  api.test.UserTests2 - **********   Deleting User  ***************
14:04:12.182 [main] INFO  api.test.UserTests2 - ********** User deleted ***************
14:05:16.123 [main] DEBUG api.test.UserTests2 - debugging.....
14:05:16.137 [main] INFO  api.test.UserTests2 - ********** Creating user  ***************
14:05:17.956 [main] INFO  api.test.UserTests2 - **********User is creatged  ***************
14:05:17.977 [main] INFO  api.test.UserTests2 - ********** Reading User Info ***************
14:05:18.255 [main] INFO  api.test.UserTests2 - ********** Updating User ***************
14:05:18.517 [main] INFO  api.test.UserTests2 - ********** User updated ***************
14:05:18.731 [main] INFO  api.test.UserTests2 - **********   Deleting User  ***************
14:05:18.922 [main] INFO  api.test.UserTests2 - ********** User deleted ***************
14:06:07.924 [main] DEBUG api.test.UserTests2 - debugging.....
14:06:07.940 [main] INFO  api.test.UserTests2 - ********** Creating user  ***************
14:06:09.695 [main] INFO  api.test.UserTests2 - **********User is creatged  ***************
14:06:09.721 [main] INFO  api.test.UserTests2 - ********** Reading User Info ***************
14:06:09.948 [main] INFO  api.test.UserTests2 - ********** Updating User ***************
14:06:10.150 [main] INFO  api.test.UserTests2 - ********** User updated ***************
14:06:10.353 [main] INFO  api.test.UserTests2 - **********   Deleting User  ***************
14:06:10.542 [main] INFO  api.test.UserTests2 - ********** User deleted ***************
14:09:28.998 [main] DEBUG api.test.UserTests2 - debugging.....
14:09:29.010 [main] INFO  api.test.UserTests2 - ********** Creating user  ***************
14:09:30.752 [main] INFO  api.test.UserTests2 - **********User is creatged  ***************
14:09:30.767 [main] INFO  api.test.UserTests2 - ********** Reading User Info ***************
14:09:30.982 [main] INFO  api.test.UserTests2 - **********User info  is displayed ***************
14:09:30.988 [main] INFO  api.test.UserTests2 - ********** Updating User ***************
14:09:31.184 [main] INFO  api.test.UserTests2 - ********** User updated ***************
14:09:31.367 [main] INFO  api.test.UserTests2 - **********   Deleting User  ***************
14:09:31.556 [main] INFO  api.test.UserTests2 - ********** User deleted ***************
14:12:23.275 [main] DEBUG api.test.UserTests - debugging.....
14:12:23.291 [main] INFO  api.test.UserTests - ********** Creating user  ***************
14:12:25.077 [main] INFO  api.test.UserTests - **********User is creatged  ***************
14:12:25.098 [main] INFO  api.test.UserTests - ********** Reading User Info ***************
14:12:25.341 [main] INFO  api.test.UserTests - ********** Updating User ***************
14:12:25.526 [main] INFO  api.test.UserTests - ********** User updated ***************
14:12:25.730 [main] INFO  api.test.UserTests - **********   Deleting User  ***************
14:12:25.913 [main] INFO  api.test.UserTests - ********** User deleted ***************
14:12:25.963 [main] DEBUG api.test.UserTests2 - debugging.....
14:12:25.964 [main] INFO  api.test.UserTests2 - ********** Creating user  ***************
14:12:26.163 [main] INFO  api.test.UserTests2 - **********User is creatged  ***************
14:12:26.173 [main] INFO  api.test.UserTests2 - ********** Reading User Info ***************
14:12:26.352 [main] INFO  api.test.UserTests2 - **********User info  is displayed ***************
14:12:26.355 [main] INFO  api.test.UserTests2 - ********** Updating User ***************
14:12:26.543 [main] INFO  api.test.UserTests2 - ********** User updated ***************
14:12:26.741 [main] INFO  api.test.UserTests2 - **********   Deleting User  ***************
14:13:18.971 [main] DEBUG api.test.UserTests - debugging.....
14:13:18.985 [main] INFO  api.test.UserTests - ********** Creating user  ***************
14:13:20.822 [main] INFO  api.test.UserTests - **********User is creatged  ***************
14:13:20.841 [main] INFO  api.test.UserTests - ********** Reading User Info ***************
14:13:21.067 [main] INFO  api.test.UserTests - ********** Updating User ***************
14:13:21.300 [main] INFO  api.test.UserTests - ********** User updated ***************
14:13:21.524 [main] INFO  api.test.UserTests - **********   Deleting User  ***************
14:13:21.786 [main] DEBUG api.test.UserTests2 - debugging.....
14:13:21.788 [main] INFO  api.test.UserTests2 - ********** Creating user  ***************
14:13:22.020 [main] INFO  api.test.UserTests2 - **********User is creatged  ***************
14:13:22.029 [main] INFO  api.test.UserTests2 - ********** Reading User Info ***************
14:13:22.300 [main] INFO  api.test.UserTests2 - ********** Updating User ***************
14:13:22.553 [main] INFO  api.test.UserTests2 - ********** User updated ***************
14:13:22.798 [main] INFO  api.test.UserTests2 - **********   Deleting User  ***************
14:13:23.013 [main] INFO  api.test.UserTests2 - ********** User deleted ***************
14:14:32.768 [main] DEBUG api.test.UserTests - debugging.....
14:14:32.784 [main] INFO  api.test.UserTests - ********** Creating user  ***************
14:14:34.582 [main] INFO  api.test.UserTests - **********User is creatged  ***************
14:14:34.599 [main] INFO  api.test.UserTests - ********** Reading User Info ***************
14:14:34.808 [main] INFO  api.test.UserTests - **********User info  is displayed ***************
14:14:34.815 [main] INFO  api.test.UserTests - ********** Updating User ***************
14:14:35.010 [main] INFO  api.test.UserTests - ********** User updated ***************
14:14:35.202 [main] INFO  api.test.UserTests - **********   Deleting User  ***************
14:14:35.387 [main] INFO  api.test.UserTests - ********** User deleted ***************
14:15:25.576 [main] DEBUG api.test.UserTests2 - debugging.....
14:15:25.590 [main] INFO  api.test.UserTests2 - ********** Creating user  ***************
14:15:27.402 [main] INFO  api.test.UserTests2 - **********User is creatged  ***************
14:15:27.429 [main] INFO  api.test.UserTests2 - ********** Reading User Info ***************
14:15:27.726 [main] INFO  api.test.UserTests2 - ********** Updating User ***************
14:15:27.923 [main] INFO  api.test.UserTests2 - ********** User updated ***************
14:15:28.120 [main] INFO  api.test.UserTests2 - **********   Deleting User  ***************
14:16:32.158 [main] DEBUG api.test.UserTests2 - debugging.....
14:16:32.174 [main] INFO  api.test.UserTests2 - ********** Creating user  ***************
14:16:34.054 [main] INFO  api.test.UserTests2 - **********User is creatged  ***************
14:16:34.059 [main] INFO  api.test.UserTests2 - ********** Reading User Info ***************
14:16:34.305 [main] INFO  api.test.UserTests2 - ********** Updating User ***************
14:16:34.524 [main] INFO  api.test.UserTests2 - ********** User updated ***************
14:16:34.718 [main] INFO  api.test.UserTests2 - **********   Deleting User  ***************
14:16:34.905 [main] INFO  api.test.UserTests2 - ********** User deleted ***************
14:17:37.086 [main] DEBUG api.test.UserTests2 - debugging.....
14:17:37.099 [main] INFO  api.test.UserTests2 - ********** Creating user  ***************
14:17:38.826 [main] INFO  api.test.UserTests2 - **********User is creatged  ***************
14:17:38.842 [main] INFO  api.test.UserTests2 - ********** Reading User Info ***************
14:17:39.080 [main] INFO  api.test.UserTests2 - **********User info  is displayed ***************
14:17:39.087 [main] INFO  api.test.UserTests2 - ********** Updating User ***************
14:17:39.298 [main] INFO  api.test.UserTests2 - ********** User updated ***************
14:17:39.526 [main] INFO  api.test.UserTests2 - **********   Deleting User  ***************
14:18:22.588 [main] DEBUG api.test.UserTests2 - debugging.....
14:18:22.603 [main] INFO  api.test.UserTests2 - ********** Creating user  ***************
14:18:24.439 [main] INFO  api.test.UserTests2 - **********User is creatged  ***************
14:18:24.460 [main] INFO  api.test.UserTests2 - ********** Reading User Info ***************
14:18:24.698 [main] INFO  api.test.UserTests2 - **********User info  is displayed ***************
14:18:24.701 [main] INFO  api.test.UserTests2 - ********** Updating User ***************
14:18:24.943 [main] INFO  api.test.UserTests2 - ********** User updated ***************
14:18:25.152 [main] INFO  api.test.UserTests2 - **********   Deleting User  ***************
14:18:25.356 [main] INFO  api.test.UserTests2 - ********** User deleted ***************
14:19:23.657 [main] DEBUG api.test.UserTests2 - debugging.....
14:19:23.671 [main] INFO  api.test.UserTests2 - ********** Creating user  ***************
14:19:25.566 [main] INFO  api.test.UserTests2 - **********User is creatged  ***************
14:19:25.583 [main] INFO  api.test.UserTests2 - ********** Reading User Info ***************
14:19:25.840 [main] INFO  api.test.UserTests2 - ********** Updating User ***************
14:19:26.054 [main] INFO  api.test.UserTests2 - ********** User updated ***************
14:19:26.254 [main] INFO  api.test.UserTests2 - **********   Deleting User  ***************
14:19:26.433 [main] INFO  api.test.UserTests2 - ********** User deleted ***************
14:53:59.956 [main] DEBUG api.test.UserTests2 - debugging.....
14:53:59.972 [main] INFO  api.test.UserTests2 - ********** Creating user  ***************
14:54:02.039 [main] INFO  api.test.UserTests2 - **********User is creatged  ***************
14:54:02.056 [main] INFO  api.test.UserTests2 - ********** Reading User Info ***************
14:54:02.294 [main] INFO  api.test.UserTests2 - **********User info  is displayed ***************
14:54:02.296 [main] INFO  api.test.UserTests2 - ********** Updating User ***************
14:54:02.494 [main] INFO  api.test.UserTests2 - ********** User updated ***************
14:54:02.707 [main] INFO  api.test.UserTests2 - **********   Deleting User  ***************
15:19:07.107 [main] DEBUG api.test.UserTests2 - debugging.....
15:19:07.121 [main] INFO  api.test.UserTests2 - ********** Creating user  ***************
15:19:08.947 [main] INFO  api.test.UserTests2 - **********User is creatged  ***************
15:19:08.959 [main] INFO  api.test.UserTests2 - ********** Reading User Info ***************
15:19:09.217 [main] INFO  api.test.UserTests2 - **********User info  is displayed ***************
15:19:09.219 [main] INFO  api.test.UserTests2 - ********** Updating User ***************
15:19:09.480 [main] INFO  api.test.UserTests2 - ********** User updated ***************
15:19:09.747 [main] INFO  api.test.UserTests2 - **********   Deleting User  ***************
15:19:09.961 [main] INFO  api.test.UserTests2 - ********** User deleted ***************
15:34:12.002 [main] DEBUG api.test.UserTests2 - debugging.....
15:34:12.016 [main] INFO  api.test.UserTests2 - ********** Creating user  ***************
15:34:13.899 [main] INFO  api.test.UserTests2 - **********User is creatged  ***************
15:34:13.910 [main] INFO  api.test.UserTests2 - ********** Reading User Info ***************
15:34:14.182 [main] INFO  api.test.UserTests2 - ********** Updating User ***************
15:34:14.378 [main] INFO  api.test.UserTests2 - ********** User updated ***************
15:34:14.562 [main] INFO  api.test.UserTests2 - **********   Deleting User  ***************
15:34:14.752 [main] INFO  api.test.UserTests2 - ********** User deleted ***************
15:35:16.513 [main] DEBUG api.test.UserTests2 - debugging.....
15:35:16.525 [main] INFO  api.test.UserTests2 - ********** Creating user  ***************
15:35:18.318 [main] INFO  api.test.UserTests2 - **********User is creatged  ***************
15:35:18.335 [main] INFO  api.test.UserTests2 - ********** Reading User Info ***************
15:35:18.610 [main] INFO  api.test.UserTests2 - ********** Updating User ***************
15:35:18.838 [main] INFO  api.test.UserTests2 - ********** User updated ***************
15:35:19.030 [main] INFO  api.test.UserTests2 - **********   Deleting User  ***************
15:35:19.210 [main] INFO  api.test.UserTests2 - ********** User deleted ***************
15:35:49.777 [main] DEBUG api.test.UserTests2 - debugging.....
15:35:49.792 [main] INFO  api.test.UserTests2 - ********** Creating user  ***************
15:35:51.661 [main] INFO  api.test.UserTests2 - **********User is creatged  ***************
15:35:51.675 [main] INFO  api.test.UserTests2 - ********** Reading User Info ***************
15:35:51.904 [main] INFO  api.test.UserTests2 - **********User info  is displayed ***************
15:35:51.908 [main] INFO  api.test.UserTests2 - ********** Updating User ***************
15:35:52.106 [main] INFO  api.test.UserTests2 - ********** User updated ***************
15:35:52.305 [main] INFO  api.test.UserTests2 - **********   Deleting User  ***************
15:35:52.486 [main] INFO  api.test.UserTests2 - ********** User deleted ***************
